<?xml version="1.0" encoding="UTF-8"?>
<testsuite name="alexisTrejo.expenses.tracking.api.ApplicationTests" tests="1" skipped="0" failures="0" errors="0" timestamp="2024-10-25T05:25:36" hostname="Alexiss-MacBook-Air.local" time="0.274">
  <properties/>
  <testcase name="contextLoads()" classname="alexisTrejo.expenses.tracking.api.ApplicationTests" time="0.274"/>
  <system-out><![CDATA[23:25:33.058 [Test worker] INFO org.springframework.test.context.support.AnnotationConfigContextLoaderUtils -- Could not detect default configuration classes for test class [alexisTrejo.expenses.tracking.api.ApplicationTests]: ApplicationTests does not declare any static, non-private, non-final, nested classes annotated with @Configuration.
23:25:33.111 [Test worker] INFO org.springframework.boot.test.context.SpringBootTestContextBootstrapper -- Found @SpringBootConfiguration alexisTrejo.expenses.tracking.api.Application for test class alexisTrejo.expenses.tracking.api.ApplicationTests

  .   ____          _            __ _ _
 /\\ / ___'_ __ _ _(_)_ __  __ _ \ \ \ \
( ( )\___ | '_ | '_| | '_ \/ _` | \ \ \ \
 \\/  ___)| |_)| | | | | || (_| |  ) ) ) )
  '  |____| .__|_| |_|_| |_\__, | / / / /
 =========|_|==============|___/=/_/_/_/

 :: Spring Boot ::                (v3.3.4)

2024-10-24T23:25:33.284-06:00  INFO 88726 --- [expenses.tracking.api] [    Test worker] a.e.tracking.api.ApplicationTests        : Starting ApplicationTests using Java 17.0.11 with PID 88726 (started by alexistrejo in /Users/alexistrejo/Downloads/expense_tracking_reimbursement_api)
2024-10-24T23:25:33.285-06:00  INFO 88726 --- [expenses.tracking.api] [    Test worker] a.e.tracking.api.ApplicationTests        : No active profile set, falling back to 1 default profile: "default"
2024-10-24T23:25:33.822-06:00  INFO 88726 --- [expenses.tracking.api] [    Test worker] .s.d.r.c.RepositoryConfigurationDelegate : Bootstrapping Spring Data JPA repositories in DEFAULT mode.
2024-10-24T23:25:33.860-06:00  INFO 88726 --- [expenses.tracking.api] [    Test worker] .s.d.r.c.RepositoryConfigurationDelegate : Finished Spring Data repository scanning in 33 ms. Found 6 JPA repository interfaces.
2024-10-24T23:25:34.232-06:00  INFO 88726 --- [expenses.tracking.api] [    Test worker] o.hibernate.jpa.internal.util.LogHelper  : HHH000204: Processing PersistenceUnitInfo [name: default]
2024-10-24T23:25:34.263-06:00  INFO 88726 --- [expenses.tracking.api] [    Test worker] org.hibernate.Version                    : HHH000412: Hibernate ORM core version 6.5.3.Final
2024-10-24T23:25:34.281-06:00  INFO 88726 --- [expenses.tracking.api] [    Test worker] o.h.c.internal.RegionFactoryInitiator    : HHH000026: Second-level cache disabled
2024-10-24T23:25:34.424-06:00  INFO 88726 --- [expenses.tracking.api] [    Test worker] o.s.o.j.p.SpringPersistenceUnitInfo      : No LoadTimeWeaver setup: ignoring JPA class transformer
2024-10-24T23:25:34.437-06:00  INFO 88726 --- [expenses.tracking.api] [    Test worker] com.zaxxer.hikari.HikariDataSource       : HikariPool-1 - Starting...
2024-10-24T23:25:34.494-06:00  INFO 88726 --- [expenses.tracking.api] [    Test worker] com.zaxxer.hikari.pool.HikariPool        : HikariPool-1 - Added connection org.postgresql.jdbc.PgConnection@281ca256
2024-10-24T23:25:34.495-06:00  INFO 88726 --- [expenses.tracking.api] [    Test worker] com.zaxxer.hikari.HikariDataSource       : HikariPool-1 - Start completed.
2024-10-24T23:25:34.541-06:00  WARN 88726 --- [expenses.tracking.api] [    Test worker] org.hibernate.orm.deprecation            : HHH90000025: PostgreSQLDialect does not need to be specified explicitly using 'hibernate.dialect' (remove the property setting and it will be selected by default)
2024-10-24T23:25:35.037-06:00  INFO 88726 --- [expenses.tracking.api] [    Test worker] o.h.e.t.j.p.i.JtaPlatformInitiator       : HHH000489: No JTA platform available (set 'hibernate.transaction.jta.platform' to enable JTA platform integration)
2024-10-24T23:25:35.175-06:00  INFO 88726 --- [expenses.tracking.api] [    Test worker] j.LocalContainerEntityManagerFactoryBean : Initialized JPA EntityManagerFactory for persistence unit 'default'
2024-10-24T23:25:35.383-06:00  INFO 88726 --- [expenses.tracking.api] [    Test worker] o.s.d.j.r.query.QueryEnhancerFactory     : Hibernate is in classpath; If applicable, HQL parser will be used.
2024-10-24T23:25:35.891-06:00  WARN 88726 --- [expenses.tracking.api] [    Test worker] JpaBaseConfiguration$JpaWebConfiguration : spring.jpa.open-in-view is enabled by default. Therefore, database queries may be performed during view rendering. Explicitly configure spring.jpa.open-in-view to disable this warning
2024-10-24T23:25:35.915-06:00  WARN 88726 --- [expenses.tracking.api] [    Test worker] .s.s.UserDetailsServiceAutoConfiguration : 

Using generated security password: b129f01c-38a8-49a6-9d86-a7e6e0db107a

This generated password is for development use only. Your security configuration must be updated before running your application in production.

2024-10-24T23:25:35.932-06:00  INFO 88726 --- [expenses.tracking.api] [    Test worker] r$InitializeUserDetailsManagerConfigurer : Global AuthenticationManager configured with UserDetailsService bean with name inMemoryUserDetailsManager
2024-10-24T23:25:36.252-06:00  INFO 88726 --- [expenses.tracking.api] [    Test worker] o.s.b.a.e.web.EndpointLinksResolver      : Exposing 1 endpoint beneath base path '/actuator'
2024-10-24T23:25:36.689-06:00  INFO 88726 --- [expenses.tracking.api] [    Test worker] a.e.tracking.api.ApplicationTests        : Started ApplicationTests in 3.509 seconds (process running for 4.048)
]]></system-out>
  <system-err><![CDATA[]]></system-err>
</testsuite>
