<?xml version="1.0" encoding="UTF-8"?>
<testsuite name="alexisTrejo.expenses.tracking.api.ApplicationTests" tests="1" skipped="0" failures="0" errors="0" timestamp="2025-01-19T00:54:53" hostname="alexiss-MacBook-Air.local" time="0.323">
  <properties/>
  <testcase name="contextLoads()" classname="alexisTrejo.expenses.tracking.api.ApplicationTests" time="0.323"/>
  <system-out><![CDATA[18:54:50.368 [Test worker] INFO org.springframework.test.context.support.AnnotationConfigContextLoaderUtils -- Could not detect default configuration classes for test class [alexisTrejo.expenses.tracking.api.ApplicationTests]: ApplicationTests does not declare any static, non-private, non-final, nested classes annotated with @Configuration.
18:54:50.435 [Test worker] INFO org.springframework.boot.test.context.SpringBootTestContextBootstrapper -- Found @SpringBootConfiguration alexisTrejo.expenses.tracking.api.Application for test class alexisTrejo.expenses.tracking.api.ApplicationTests

  .   ____          _            __ _ _
 /\\ / ___'_ __ _ _(_)_ __  __ _ \ \ \ \
( ( )\___ | '_ | '_| | '_ \/ _` | \ \ \ \
 \\/  ___)| |_)| | | | | || (_| |  ) ) ) )
  '  |____| .__|_| |_|_| |_\__, | / / / /
 =========|_|==============|___/=/_/_/_/

 :: Spring Boot ::                (v3.4.1)

2025-01-18T18:54:50.624-06:00  INFO 48415 --- [expenses.tracking.api] [    Test worker] a.e.tracking.api.ApplicationTests        : Starting ApplicationTests using Java 23.0.1 with PID 48415 (started by alexis in /Users/alexis/Documents/Java/expense_tracking_reimbursement_api)
2025-01-18T18:54:50.625-06:00  INFO 48415 --- [expenses.tracking.api] [    Test worker] a.e.tracking.api.ApplicationTests        : No active profile set, falling back to 1 default profile: "default"
2025-01-18T18:54:51.119-06:00  INFO 48415 --- [expenses.tracking.api] [    Test worker] .s.d.r.c.RepositoryConfigurationDelegate : Bootstrapping Spring Data JPA repositories in DEFAULT mode.
2025-01-18T18:54:51.202-06:00  INFO 48415 --- [expenses.tracking.api] [    Test worker] .s.d.r.c.RepositoryConfigurationDelegate : Finished Spring Data repository scanning in 76 ms. Found 5 JPA repository interfaces.
2025-01-18T18:54:51.500-06:00  INFO 48415 --- [expenses.tracking.api] [    Test worker] o.hibernate.jpa.internal.util.LogHelper  : HHH000204: Processing PersistenceUnitInfo [name: default]
2025-01-18T18:54:51.535-06:00  INFO 48415 --- [expenses.tracking.api] [    Test worker] org.hibernate.Version                    : HHH000412: Hibernate ORM core version 6.6.4.Final
2025-01-18T18:54:51.550-06:00  INFO 48415 --- [expenses.tracking.api] [    Test worker] o.h.c.internal.RegionFactoryInitiator    : HHH000026: Second-level cache disabled
2025-01-18T18:54:51.668-06:00  INFO 48415 --- [expenses.tracking.api] [    Test worker] o.s.o.j.p.SpringPersistenceUnitInfo      : No LoadTimeWeaver setup: ignoring JPA class transformer
2025-01-18T18:54:51.684-06:00  INFO 48415 --- [expenses.tracking.api] [    Test worker] com.zaxxer.hikari.HikariDataSource       : HikariPool-1 - Starting...
2025-01-18T18:54:51.761-06:00  INFO 48415 --- [expenses.tracking.api] [    Test worker] com.zaxxer.hikari.pool.HikariPool        : HikariPool-1 - Added connection org.postgresql.jdbc.PgConnection@42cd0fc6
2025-01-18T18:54:51.763-06:00  INFO 48415 --- [expenses.tracking.api] [    Test worker] com.zaxxer.hikari.HikariDataSource       : HikariPool-1 - Start completed.
2025-01-18T18:54:51.788-06:00  WARN 48415 --- [expenses.tracking.api] [    Test worker] org.hibernate.orm.deprecation            : HHH90000025: PostgreSQLDialect does not need to be specified explicitly using 'hibernate.dialect' (remove the property setting and it will be selected by default)
2025-01-18T18:54:51.800-06:00  INFO 48415 --- [expenses.tracking.api] [    Test worker] org.hibernate.orm.connections.pooling    : HHH10001005: Database info:
	Database JDBC URL [Connecting through datasource 'HikariDataSource (HikariPool-1)']
	Database driver: undefined/unknown
	Database version: 14.15
	Autocommit mode: undefined/unknown
	Isolation level: undefined/unknown
	Minimum pool size: undefined/unknown
	Maximum pool size: undefined/unknown
2025-01-18T18:54:52.318-06:00  INFO 48415 --- [expenses.tracking.api] [    Test worker] o.h.e.t.j.p.i.JtaPlatformInitiator       : HHH000489: No JTA platform available (set 'hibernate.transaction.jta.platform' to enable JTA platform integration)
2025-01-18T18:54:52.469-06:00  INFO 48415 --- [expenses.tracking.api] [    Test worker] j.LocalContainerEntityManagerFactoryBean : Initialized JPA EntityManagerFactory for persistence unit 'default'
2025-01-18T18:54:52.498-06:00  WARN 48415 --- [expenses.tracking.api] [    Test worker] .s.s.UserDetailsServiceAutoConfiguration : 

Using generated security password: 8b07c76a-84cd-44ee-b4fb-a5ab674e42de

This generated password is for development use only. Your security configuration must be updated before running your application in production.

2025-01-18T18:54:52.645-06:00  INFO 48415 --- [expenses.tracking.api] [    Test worker] o.s.d.j.r.query.QueryEnhancerFactory     : Hibernate is in classpath; If applicable, HQL parser will be used.
2025-01-18T18:54:53.412-06:00  WARN 48415 --- [expenses.tracking.api] [    Test worker] JpaBaseConfiguration$JpaWebConfiguration : spring.jpa.open-in-view is enabled by default. Therefore, database queries may be performed during view rendering. Explicitly configure spring.jpa.open-in-view to disable this warning
2025-01-18T18:54:53.438-06:00  INFO 48415 --- [expenses.tracking.api] [    Test worker] r$InitializeUserDetailsManagerConfigurer : Global AuthenticationManager configured with UserDetailsService bean with name inMemoryUserDetailsManager
2025-01-18T18:54:53.728-06:00  WARN 48415 --- [expenses.tracking.api] [    Test worker] ion$DefaultTemplateResolverConfiguration : Cannot find template location: classpath:/templates/ (please add some templates, check your Thymeleaf configuration, or set spring.thymeleaf.check-template-location=false)
2025-01-18T18:54:53.854-06:00  INFO 48415 --- [expenses.tracking.api] [    Test worker] a.e.tracking.api.ApplicationTests        : Started ApplicationTests in 3.351 seconds (process running for 3.973)
]]></system-out>
  <system-err><![CDATA[Mockito is currently self-attaching to enable the inline-mock-maker. This will no longer work in future releases of the JDK. Please add Mockito as an agent to your build what is described in Mockito's documentation: https://javadoc.io/doc/org.mockito/mockito-core/latest/org/mockito/Mockito.html#0.3
WARNING: A Java agent has been loaded dynamically (/Users/alexis/.gradle/caches/modules-2/files-2.1/net.bytebuddy/byte-buddy-agent/1.15.11/a38b16385e867f59a641330f0362ebe742788ed8/byte-buddy-agent-1.15.11.jar)
WARNING: If a serviceability tool is in use, please run with -XX:+EnableDynamicAgentLoading to hide this warning
WARNING: If a serviceability tool is not in use, please run with -Djdk.instrument.traceUsage for more information
WARNING: Dynamic loading of agents will be disallowed by default in a future release
]]></system-err>
</testsuite>
