<?xml version="1.0" encoding="UTF-8"?>
<testsuite name="alexisTrejo.expenses.tracking.api.ApplicationTests" tests="1" skipped="0" failures="0" errors="0" timestamp="2025-01-20T18:36:02" hostname="alexiss-MacBook-Air.local" time="0.284">
  <properties/>
  <testcase name="contextLoads()" classname="alexisTrejo.expenses.tracking.api.ApplicationTests" time="0.284"/>
  <system-out><![CDATA[12:35:58.892 [Test worker] INFO org.springframework.test.context.support.AnnotationConfigContextLoaderUtils -- Could not detect default configuration classes for test class [alexisTrejo.expenses.tracking.api.ApplicationTests]: ApplicationTests does not declare any static, non-private, non-final, nested classes annotated with @Configuration.
12:35:58.943 [Test worker] INFO org.springframework.boot.test.context.SpringBootTestContextBootstrapper -- Found @SpringBootConfiguration alexisTrejo.expenses.tracking.api.Application for test class alexisTrejo.expenses.tracking.api.ApplicationTests

  .   ____          _            __ _ _
 /\\ / ___'_ __ _ _(_)_ __  __ _ \ \ \ \
( ( )\___ | '_ | '_| | '_ \/ _` | \ \ \ \
 \\/  ___)| |_)| | | | | || (_| |  ) ) ) )
  '  |____| .__|_| |_|_| |_\__, | / / / /
 =========|_|==============|___/=/_/_/_/

 :: Spring Boot ::                (v3.4.1)

2025-01-20T12:35:59.116-06:00  INFO 94728 --- [expenses.tracking.api] [    Test worker] a.e.tracking.api.ApplicationTests        : Starting ApplicationTests using Java 17.0.12 with PID 94728 (started by alexis in /Users/alexis/Documents/Java/expense_tracking_reimbursement_api)
2025-01-20T12:35:59.116-06:00  INFO 94728 --- [expenses.tracking.api] [    Test worker] a.e.tracking.api.ApplicationTests        : No active profile set, falling back to 1 default profile: "default"
2025-01-20T12:35:59.561-06:00  INFO 94728 --- [expenses.tracking.api] [    Test worker] .s.d.r.c.RepositoryConfigurationDelegate : Bootstrapping Spring Data JPA repositories in DEFAULT mode.
2025-01-20T12:35:59.642-06:00  INFO 94728 --- [expenses.tracking.api] [    Test worker] .s.d.r.c.RepositoryConfigurationDelegate : Finished Spring Data repository scanning in 75 ms. Found 5 JPA repository interfaces.
2025-01-20T12:35:59.909-06:00  INFO 94728 --- [expenses.tracking.api] [    Test worker] o.hibernate.jpa.internal.util.LogHelper  : HHH000204: Processing PersistenceUnitInfo [name: default]
2025-01-20T12:35:59.931-06:00  INFO 94728 --- [expenses.tracking.api] [    Test worker] org.hibernate.Version                    : HHH000412: Hibernate ORM core version 6.6.4.Final
2025-01-20T12:35:59.944-06:00  INFO 94728 --- [expenses.tracking.api] [    Test worker] o.h.c.internal.RegionFactoryInitiator    : HHH000026: Second-level cache disabled
2025-01-20T12:36:00.074-06:00  INFO 94728 --- [expenses.tracking.api] [    Test worker] o.s.o.j.p.SpringPersistenceUnitInfo      : No LoadTimeWeaver setup: ignoring JPA class transformer
2025-01-20T12:36:00.089-06:00  INFO 94728 --- [expenses.tracking.api] [    Test worker] com.zaxxer.hikari.HikariDataSource       : HikariPool-1 - Starting...
2025-01-20T12:36:00.163-06:00  INFO 94728 --- [expenses.tracking.api] [    Test worker] com.zaxxer.hikari.pool.HikariPool        : HikariPool-1 - Added connection org.postgresql.jdbc.PgConnection@2a9f8d47
2025-01-20T12:36:00.164-06:00  INFO 94728 --- [expenses.tracking.api] [    Test worker] com.zaxxer.hikari.HikariDataSource       : HikariPool-1 - Start completed.
2025-01-20T12:36:00.186-06:00  WARN 94728 --- [expenses.tracking.api] [    Test worker] org.hibernate.orm.deprecation            : HHH90000025: PostgreSQLDialect does not need to be specified explicitly using 'hibernate.dialect' (remove the property setting and it will be selected by default)
2025-01-20T12:36:00.195-06:00  INFO 94728 --- [expenses.tracking.api] [    Test worker] org.hibernate.orm.connections.pooling    : HHH10001005: Database info:
	Database JDBC URL [Connecting through datasource 'HikariDataSource (HikariPool-1)']
	Database driver: undefined/unknown
	Database version: 14.15
	Autocommit mode: undefined/unknown
	Isolation level: undefined/unknown
	Minimum pool size: undefined/unknown
	Maximum pool size: undefined/unknown
2025-01-20T12:36:00.685-06:00  INFO 94728 --- [expenses.tracking.api] [    Test worker] o.h.e.t.j.p.i.JtaPlatformInitiator       : HHH000489: No JTA platform available (set 'hibernate.transaction.jta.platform' to enable JTA platform integration)
2025-01-20T12:36:00.806-06:00  INFO 94728 --- [expenses.tracking.api] [    Test worker] j.LocalContainerEntityManagerFactoryBean : Initialized JPA EntityManagerFactory for persistence unit 'default'
2025-01-20T12:36:01.006-06:00  INFO 94728 --- [expenses.tracking.api] [    Test worker] o.s.d.j.r.query.QueryEnhancerFactory     : Hibernate is in classpath; If applicable, HQL parser will be used.
SMTP Host: smtp.gmail.com
SMTP User: marcoalexispt.02@gmail.com
SMTP Password: qgph fiqp sugg lsss
2025-01-20T12:36:01.612-06:00  WARN 94728 --- [expenses.tracking.api] [    Test worker] JpaBaseConfiguration$JpaWebConfiguration : spring.jpa.open-in-view is enabled by default. Therefore, database queries may be performed during view rendering. Explicitly configure spring.jpa.open-in-view to disable this warning
2025-01-20T12:36:02.067-06:00  INFO 94728 --- [expenses.tracking.api] [    Test worker] a.e.tracking.api.ApplicationTests        : Started ApplicationTests in 3.06 seconds (process running for 3.591)
]]></system-out>
  <system-err><![CDATA[]]></system-err>
</testsuite>
