<?xml version="1.0" encoding="UTF-8"?>
<testsuite name="alexisTrejo.expenses.tracking.api.Service.NotificationServiceImplTest" tests="1" skipped="0" failures="0" errors="0" timestamp="2025-01-22T04:34:27" hostname="alexiss-MacBook-Air.local" time="0.62">
  <properties/>
  <testcase name="getNotificationByUserId_ShouldReturnPageOfNotifications()" classname="alexisTrejo.expenses.tracking.api.Service.NotificationServiceImplTest" time="0.62"/>
  <system-out><![CDATA[]]></system-out>
  <system-err><![CDATA[]]></system-err>
</testsuite>
