<?xml version="1.0" encoding="UTF-8"?>
<testsuite name="alexisTrejo.expenses.tracking.api.Service.Controller.EmployeeExpenseControllerTest" tests="1" skipped="0" failures="0" errors="0" timestamp="2025-01-22T05:41:49" hostname="alexiss-MacBook-Air.local" time="0.574">
  <properties/>
  <testcase name="requestExpense_ShouldCreateExpenseSuccessfully()" classname="alexisTrejo.expenses.tracking.api.Service.Controller.EmployeeExpenseControllerTest" time="0.574"/>
  <system-out><![CDATA[]]></system-out>
  <system-err><![CDATA[]]></system-err>
</testsuite>
